[0m[[0m[0mdebug[0m] [0m[0m> Exec(all {file:/home/imrane/Documents/Freelance/Big%20Data%20&%20Data%20Sience%20Tasks/Pokedex/}pokedex/products {file:/home/imrane/Documents/Freelance/Big%20Data%20&%20Data%20Sience%20Tasks/Pokedex/}pokedex/test:products, None, None)[0m
[0m[[0m[0mdebug[0m] [0m[0mEvaluating tasks: Compile / products, Test / products[0m
[0m[[0m[0mdebug[0m] [0m[0mRunning task... Cancel: Signal, check cycles: false, forcegc: true[0m
[0m[[0m[0minfo[0m] [0m[0mcompiling 2 Scala sources to /home/imrane/Documents/Freelance/Big Data & Data Sience Tasks/Pokedex/target/scala-3.1.3/classes ...[0m
[0m[[0m[33mwarn[0m] [0m[0m[33m[33m-- Warning: /home/imrane/Documents/Freelance/Big Data & Data Sience Tasks/Pokedex/src/main/scala/com/pokemon/Pokemon.scala:27:60 [0m[0m[0m
[0m[[0m[33mwarn[0m] [0m[0m[33m27 |[0m    [33mimplicit[0m [33mval[0m [36mstatFormat[0m: [35mJsonFormat[0m[[35mStat[0m] = jsonFormat2(Stat)[0m
[0m[[0m[33mwarn[0m] [0m[0m[33m[33m   |[0m                                                            ^^^^[0m[0m
[0m[[0m[33mwarn[0m] [0m[0m[33m   |[0mThe method `apply` is inserted. The auto insertion will be deprecated, please write `com.pokemon.Stat.apply` explicitly.[0m
[0m[[0m[33mwarn[0m] [0m[0m[33m[33m-- Warning: /home/imrane/Documents/Freelance/Big Data & Data Sience Tasks/Pokedex/src/main/scala/com/pokemon/Pokemon.scala:41:60 [0m[0m[0m
[0m[[0m[33mwarn[0m] [0m[0m[33m41 |[0m    [33mimplicit[0m [33mval[0m [36mstatFormat[0m: [35mJsonFormat[0m[[35mStat[0m] = jsonFormat2(Stat)[0m
[0m[[0m[33mwarn[0m] [0m[0m[33m[33m   |[0m                                                            ^^^^[0m[0m
[0m[[0m[33mwarn[0m] [0m[0m[33m   |[0mThe method `apply` is inserted. The auto insertion will be deprecated, please write `com.pokemon.Stat.apply` explicitly.[0m
[0m[[0m[33mwarn[0m] [0m[0m[33m[33m-- Warning: /home/imrane/Documents/Freelance/Big Data & Data Sience Tasks/Pokedex/src/main/scala/com/pokemon/Pokemon.scala:59:60 [0m[0m[0m
[0m[[0m[33mwarn[0m] [0m[0m[33m59 |[0m    [33mimplicit[0m [33mval[0m [36mtypeFormat[0m: [35mJsonFormat[0m[[35mType[0m] = jsonFormat2(Type)[0m
[0m[[0m[33mwarn[0m] [0m[0m[33m[33m   |[0m                                                            ^^^^[0m[0m
[0m[[0m[33mwarn[0m] [0m[0m[33m   |[0mThe method `apply` is inserted. The auto insertion will be deprecated, please write `com.pokemon.Type.apply` explicitly.[0m
[0m[[0m[33mwarn[0m] [0m[0mthree warnings found[0m
[0m[[0m[0minfo[0m] [0m[0mdone compiling[0m
[0m[[0m[32msuccess[0m] [0m[0mTotal time: 1 s, completed Jul 31, 2022 1:03:12 AM[0m
[0m[[0m[0mdebug[0m] [0m[0m> Exec(idea-shell, None, None)[0m
